<?xml version="1.0" encoding="UTF-8"?>
<testsuite xmlns:xsi="http://www.w3.org/2001/XMLSchema-instance" xsi:noNamespaceSchemaLocation="https://maven.apache.org/surefire/maven-surefire-plugin/xsd/surefire-test-report.xsd" name="com.cn.wbg.WbgApplicationTests" time="6.108" tests="3" errors="0" skipped="0" failures="0">
  <properties>
[...]
</properties>
  <testcase name="tetopic" classname="com.cn.wbg.WbgApplicationTests" time="1.541"/>
  <testcase name="test" classname="com.cn.wbg.WbgApplicationTests" time="0.005"/>
  <testcase name="contextLoads" classname="com.cn.wbg.WbgApplicationTests" time="0.077"/>
</testsuite>